# JRE version: OpenJDK Runtime Environment (8.0_472-b08) (build 1.8.0_472-b08)
# Java VM: OpenJDK 64-Bit Server VM (25.472-b08 mixed mode windows-amd64 compressed oops)
Heap:
 PSYoungGen      total 37888K, used 11979K [0x00000000d6300000, 0x00000000da280000, 0x0000000100000000)
  eden space 32768K, 21% used [0x00000000d6300000,0x00000000d69b8838,0x00000000d8300000)
  from space 5120K, 99% used [0x00000000d8300000,0x00000000d87fa758,0x00000000d8800000)
  to   space 9216K, 0% used [0x00000000d9980000,0x00000000d9980000,0x00000000da280000)
 ParOldGen       total 61440K, used 7794K [0x0000000082800000, 0x0000000086400000, 0x00000000d6300000)
  object space 61440K, 12% used [0x0000000082800000,0x0000000082f9c880,0x0000000086400000)
 Metaspace       used 25581K, capacity 27032K, committed 27136K, reserved 1075200K
  class space    used 3269K, capacity 3558K, committed 3584K, reserved 1048576K
GC Heap History (10 events):
Event: 1.247 GC heap before
{Heap before GC invocations=2 (full 0):
 PSYoungGen      total 37888K, used 37874K [0x00000000d6300000, 0x00000000d8d00000, 0x0000000100000000)
  eden space 32768K, 100% used [0x00000000d6300000,0x00000000d8300000,0x00000000d8300000)
  from space 5120K, 99% used [0x00000000d8300000,0x00000000d87fc8f0,0x00000000d8800000)
  to   space 5120K, 0% used [0x00000000d8800000,0x00000000d8800000,0x00000000d8d00000)
 ParOldGen       total 86016K, used 123K [0x0000000082800000, 0x0000000087c00000, 0x00000000d6300000)
  object space 86016K, 0% used [0x0000000082800000,0x000000008281eff0,0x0000000087c00000)
 Metaspace       used 15123K, capacity 15858K, committed 15872K, reserved 1062912K
  class space    used 1891K, capacity 2039K, committed 2048K, reserved 1048576K
Event: 1.252 GC heap after
Heap after GC invocations=2 (full 0):
 PSYoungGen      total 37888K, used 5104K [0x00000000d6300000, 0x00000000d8d00000, 0x0000000100000000)
  eden space 32768K, 0% used [0x00000000d6300000,0x00000000d6300000,0x00000000d8300000)
  from space 5120K, 99% used [0x00000000d8800000,0x00000000d8cfc198,0x00000000d8d00000)
  to   space 5120K, 0% used [0x00000000d8300000,0x00000000d8300000,0x00000000d8800000)
 ParOldGen       total 86016K, used 2086K [0x0000000082800000, 0x0000000087c00000, 0x00000000d6300000)
  object space 86016K, 2% used [0x0000000082800000,0x0000000082a09a38,0x0000000087c00000)
 Metaspace       used 15123K, capacity 15858K, committed 15872K, reserved 1062912K
  class space    used 1891K, capacity 2039K, committed 2048K, reserved 1048576K
}
Event: 1.435 GC heap before
{Heap before GC invocations=3 (full 0):
 PSYoungGen      total 37888K, used 33799K [0x00000000d6300000, 0x00000000d8d00000, 0x0000000100000000)
  eden space 32768K, 87% used [0x00000000d6300000,0x00000000d7f05d30,0x00000000d8300000)
  from space 5120K, 99% used [0x00000000d8800000,0x00000000d8cfc198,0x00000000d8d00000)
  to   space 5120K, 0% used [0x00000000d8300000,0x00000000d8300000,0x00000000d8800000)
 ParOldGen       total 86016K, used 2086K [0x0000000082800000, 0x0000000087c00000, 0x00000000d6300000)
  object space 86016K, 2% used [0x0000000082800000,0x0000000082a09a38,0x0000000087c00000)
 Metaspace       used 18895K, capacity 19644K, committed 19712K, reserved 1071104K
  class space    used 2352K, capacity 2520K, committed 2560K, reserved 1048576K
Event: 1.441 GC heap after
Heap after GC invocations=3 (full 0):
 PSYoungGen      total 37888K, used 5097K [0x00000000d6300000, 0x00000000d8d00000, 0x0000000100000000)
  eden space 32768K, 0% used [0x00000000d6300000,0x00000000d6300000,0x00000000d8300000)
  from space 5120K, 99% used [0x00000000d8300000,0x00000000d87fa668,0x00000000d8800000)
  to   space 5120K, 0% used [0x00000000d8800000,0x00000000d8800000,0x00000000d8d00000)
 ParOldGen       total 86016K, used 4913K [0x0000000082800000, 0x0000000087c00000, 0x00000000d6300000)
  object space 86016K, 5% used [0x0000000082800000,0x0000000082ccc4d0,0x0000000087c00000)
 Metaspace       used 18895K, capacity 19644K, committed 19712K, reserved 1071104K
  class space    used 2352K, capacity 2520K, committed 2560K, reserved 1048576K
}
Event: 1.441 GC heap before
{Heap before GC invocations=4 (full 1):
 PSYoungGen      total 37888K, used 5097K [0x00000000d6300000, 0x00000000d8d00000, 0x0000000100000000)
  eden space 32768K, 0% used [0x00000000d6300000,0x00000000d6300000,0x00000000d8300000)
  from space 5120K, 99% used [0x00000000d8300000,0x00000000d87fa668,0x00000000d8800000)
  to   space 5120K, 0% used [0x00000000d8800000,0x00000000d8800000,0x00000000d8d00000)
 ParOldGen       total 86016K, used 4913K [0x0000000082800000, 0x0000000087c00000, 0x00000000d6300000)
  object space 86016K, 5% used [0x0000000082800000,0x0000000082ccc4d0,0x0000000087c00000)
 Metaspace       used 18895K, capacity 19644K, committed 19712K, reserved 1071104K
  class space    used 2352K, capacity 2520K, committed 2560K, reserved 1048576K
Event: 1.465 GC heap after
Heap after GC invocations=4 (full 1):
 PSYoungGen      total 37888K, used 0K [0x00000000d6300000, 0x00000000d8d00000, 0x0000000100000000)
  eden space 32768K, 0% used [0x00000000d6300000,0x00000000d6300000,0x00000000d8300000)
  from space 5120K, 0% used [0x00000000d8300000,0x00000000d8300000,0x00000000d8800000)
  to   space 5120K, 0% used [0x00000000d8800000,0x00000000d8800000,0x00000000d8d00000)
 ParOldGen       total 61440K, used 7630K [0x0000000082800000, 0x0000000086400000, 0x00000000d6300000)
  object space 61440K, 12% used [0x0000000082800000,0x0000000082f739d8,0x0000000086400000)
 Metaspace       used 18895K, capacity 19644K, committed 19712K, reserved 1069056K
  class space    used 2352K, capacity 2520K, committed 2560K, reserved 1048576K
}
Event: 1.849 GC heap before
{Heap before GC invocations=5 (full 1):
 PSYoungGen      total 37888K, used 32768K [0x00000000d6300000, 0x00000000d8d00000, 0x0000000100000000)
  eden space 32768K, 100% used [0x00000000d6300000,0x00000000d8300000,0x00000000d8300000)
  from space 5120K, 0% used [0x00000000d8300000,0x00000000d8300000,0x00000000d8800000)
  to   space 5120K, 0% used [0x00000000d8800000,0x00000000d8800000,0x00000000d8d00000)
 ParOldGen       total 61440K, used 7630K [0x0000000082800000, 0x0000000086400000, 0x00000000d6300000)
  object space 61440K, 12% used [0x0000000082800000,0x0000000082f739d8,0x0000000086400000)
 Metaspace       used 21761K, capacity 22758K, committed 23040K, reserved 1071104K
  class space    used 2748K, capacity 2983K, committed 3072K, reserved 1048576K
Event: 1.851 GC heap after
Heap after GC invocations=5 (full 1):
 PSYoungGen      total 37888K, used 4386K [0x00000000d6300000, 0x00000000d9b80000, 0x0000000100000000)
  eden space 32768K, 0% used [0x00000000d6300000,0x00000000d6300000,0x00000000d8300000)
  from space 5120K, 85% used [0x00000000d8800000,0x00000000d8c48a88,0x00000000d8d00000)
  to   space 5120K, 0% used [0x00000000d8300000,0x00000000d8300000,0x00000000d8800000)
 ParOldGen       total 61440K, used 7638K [0x0000000082800000, 0x0000000086400000, 0x00000000d6300000)
  object space 61440K, 12% used [0x0000000082800000,0x0000000082f759d8,0x0000000086400000)
 Metaspace       used 21761K, capacity 22758K, committed 23040K, reserved 1071104K
  class space    used 2748K, capacity 2983K, committed 3072K, reserved 1048576K
}
Event: 2.320 GC heap before
{Heap before GC invocations=6 (full 1):
 PSYoungGen      total 37888K, used 37154K [0x00000000d6300000, 0x00000000d9b80000, 0x0000000100000000)
  eden space 32768K, 100% used [0x00000000d6300000,0x00000000d8300000,0x00000000d8300000)
  from space 5120K, 85% used [0x00000000d8800000,0x00000000d8c48a88,0x00000000d8d00000)
  to   space 5120K, 0% used [0x00000000d8300000,0x00000000d8300000,0x00000000d8800000)
 ParOldGen       total 61440K, used 7638K [0x0000000082800000, 0x0000000086400000, 0x00000000d6300000)
  object space 61440K, 12% used [0x0000000082800000,0x0000000082f759d8,0x0000000086400000)
 Metaspace       used 24674K, capacity 25762K, committed 25984K, reserved 1073152K
  class space    used 3126K, capacity 3345K, committed 3456K, reserved 1048576K
Event: 2.324 GC heap after
Heap after GC invocations=6 (full 1):
 PSYoungGen      total 37888K, used 5097K [0x00000000d6300000, 0x00000000da280000, 0x0000000100000000)
  eden space 32768K, 0% used [0x00000000d6300000,0x00000000d6300000,0x00000000d8300000)
  from space 5120K, 99% used [0x00000000d8300000,0x00000000d87fa758,0x00000000d8800000)
  to   space 9216K, 0% used [0x00000000d9980000,0x00000000d9980000,0x00000000da280000)
 ParOldGen       total 61440K, used 7794K [0x0000000082800000, 0x0000000086400000, 0x00000000d6300000)
  object space 61440K, 12% used [0x0000000082800000,0x0000000082f9c880,0x0000000086400000)
 Metaspace       used 24674K, capacity 25762K, committed 25984K, reserved 1073152K
  class space    used 3126K, capacity 3345K, committed 3456K, reserved 1048576K
}

