# JRE version: OpenJDK Runtime Environment (8.0_472-b08) (build 1.8.0_472-b08)
# Java VM: OpenJDK 64-Bit Server VM (25.472-b08 mixed mode windows-amd64 compressed oops)
Heap:
 PSYoungGen      total 37888K, used 21908K [0x00000000d6300000, 0x00000000da580000, 0x0000000100000000)
  eden space 32768K, 53% used [0x00000000d6300000,0x00000000d7401c28,0x00000000d8300000)
  from space 5120K, 87% used [0x00000000d8300000,0x00000000d8763488,0x00000000d8800000)
  to   space 9728K, 0% used [0x00000000d9c00000,0x00000000d9c00000,0x00000000da580000)
 ParOldGen       total 57856K, used 5370K [0x0000000082800000, 0x0000000086080000, 0x00000000d6300000)
  object space 57856K, 9% used [0x0000000082800000,0x0000000082d3e850,0x0000000086080000)
 Metaspace       used 24457K, capacity 25590K, committed 25856K, reserved 1071104K
  class space    used 3097K, capacity 3313K, committed 3328K, reserved 1048576K
GC Heap History (10 events):
Event: 1.134 GC heap before
{Heap before GC invocations=2 (full 0):
 PSYoungGen      total 37888K, used 37859K [0x00000000d6300000, 0x00000000d8d00000, 0x0000000100000000)
  eden space 32768K, 100% used [0x00000000d6300000,0x00000000d8300000,0x00000000d8300000)
  from space 5120K, 99% used [0x00000000d8300000,0x00000000d87f8f80,0x00000000d8800000)
  to   space 5120K, 0% used [0x00000000d8800000,0x00000000d8800000,0x00000000d8d00000)
 ParOldGen       total 86016K, used 116K [0x0000000082800000, 0x0000000087c00000, 0x00000000d6300000)
  object space 86016K, 0% used [0x0000000082800000,0x000000008281d360,0x0000000087c00000)
 Metaspace       used 15116K, capacity 15886K, committed 16000K, reserved 1062912K
  class space    used 1895K, capacity 2071K, committed 2176K, reserved 1048576K
Event: 1.139 GC heap after
Heap after GC invocations=2 (full 0):
 PSYoungGen      total 37888K, used 5113K [0x00000000d6300000, 0x00000000d8d00000, 0x0000000100000000)
  eden space 32768K, 0% used [0x00000000d6300000,0x00000000d6300000,0x00000000d8300000)
  from space 5120K, 99% used [0x00000000d8800000,0x00000000d8cfe440,0x00000000d8d00000)
  to   space 5120K, 0% used [0x00000000d8300000,0x00000000d8300000,0x00000000d8800000)
 ParOldGen       total 86016K, used 2153K [0x0000000082800000, 0x0000000087c00000, 0x00000000d6300000)
  object space 86016K, 2% used [0x0000000082800000,0x0000000082a1a660,0x0000000087c00000)
 Metaspace       used 15116K, capacity 15886K, committed 16000K, reserved 1062912K
  class space    used 1895K, capacity 2071K, committed 2176K, reserved 1048576K
}
Event: 1.280 GC heap before
{Heap before GC invocations=3 (full 0):
 PSYoungGen      total 37888K, used 37872K [0x00000000d6300000, 0x00000000d8d00000, 0x0000000100000000)
  eden space 32768K, 99% used [0x00000000d6300000,0x00000000d82fdd88,0x00000000d8300000)
  from space 5120K, 99% used [0x00000000d8800000,0x00000000d8cfe440,0x00000000d8d00000)
  to   space 5120K, 0% used [0x00000000d8300000,0x00000000d8300000,0x00000000d8800000)
 ParOldGen       total 86016K, used 2153K [0x0000000082800000, 0x0000000087c00000, 0x00000000d6300000)
  object space 86016K, 2% used [0x0000000082800000,0x0000000082a1a660,0x0000000087c00000)
 Metaspace       used 19301K, capacity 20036K, committed 20352K, reserved 1067008K
  class space    used 2418K, capacity 2588K, committed 2688K, reserved 1048576K
Event: 1.285 GC heap after
Heap after GC invocations=3 (full 0):
 PSYoungGen      total 37888K, used 5111K [0x00000000d6300000, 0x00000000d8d00000, 0x0000000100000000)
  eden space 32768K, 0% used [0x00000000d6300000,0x00000000d6300000,0x00000000d8300000)
  from space 5120K, 99% used [0x00000000d8300000,0x00000000d87fddb8,0x00000000d8800000)
  to   space 5120K, 0% used [0x00000000d8800000,0x00000000d8800000,0x00000000d8d00000)
 ParOldGen       total 86016K, used 5586K [0x0000000082800000, 0x0000000087c00000, 0x00000000d6300000)
  object space 86016K, 6% used [0x0000000082800000,0x0000000082d748a0,0x0000000087c00000)
 Metaspace       used 19301K, capacity 20036K, committed 20352K, reserved 1067008K
  class space    used 2418K, capacity 2588K, committed 2688K, reserved 1048576K
}
Event: 1.380 GC heap before
{Heap before GC invocations=4 (full 0):
 PSYoungGen      total 37888K, used 15810K [0x00000000d6300000, 0x00000000d8d00000, 0x0000000100000000)
  eden space 32768K, 32% used [0x00000000d6300000,0x00000000d6d72db8,0x00000000d8300000)
  from space 5120K, 99% used [0x00000000d8300000,0x00000000d87fddb8,0x00000000d8800000)
  to   space 5120K, 0% used [0x00000000d8800000,0x00000000d8800000,0x00000000d8d00000)
 ParOldGen       total 86016K, used 5586K [0x0000000082800000, 0x0000000087c00000, 0x00000000d6300000)
  object space 86016K, 6% used [0x0000000082800000,0x0000000082d748a0,0x0000000087c00000)
 Metaspace       used 20348K, capacity 21186K, committed 21296K, reserved 1069056K
  class space    used 2557K, capacity 2729K, committed 2816K, reserved 1048576K
Event: 1.384 GC heap after
Heap after GC invocations=4 (full 0):
 PSYoungGen      total 37888K, used 5119K [0x00000000d6300000, 0x00000000d8d00000, 0x0000000100000000)
  eden space 32768K, 0% used [0x00000000d6300000,0x00000000d6300000,0x00000000d8300000)
  from space 5120K, 99% used [0x00000000d8800000,0x00000000d8cffc70,0x00000000d8d00000)
  to   space 5120K, 0% used [0x00000000d8300000,0x00000000d8300000,0x00000000d8800000)
 ParOldGen       total 86016K, used 5974K [0x0000000082800000, 0x0000000087c00000, 0x00000000d6300000)
  object space 86016K, 6% used [0x0000000082800000,0x0000000082dd5b70,0x0000000087c00000)
 Metaspace       used 20348K, capacity 21186K, committed 21296K, reserved 1069056K
  class space    used 2557K, capacity 2729K, committed 2816K, reserved 1048576K
}
Event: 1.384 GC heap before
{Heap before GC invocations=5 (full 1):
 PSYoungGen      total 37888K, used 5119K [0x00000000d6300000, 0x00000000d8d00000, 0x0000000100000000)
  eden space 32768K, 0% used [0x00000000d6300000,0x00000000d6300000,0x00000000d8300000)
  from space 5120K, 99% used [0x00000000d8800000,0x00000000d8cffc70,0x00000000d8d00000)
  to   space 5120K, 0% used [0x00000000d8300000,0x00000000d8300000,0x00000000d8800000)
 ParOldGen       total 86016K, used 5974K [0x0000000082800000, 0x0000000087c00000, 0x00000000d6300000)
  object space 86016K, 6% used [0x0000000082800000,0x0000000082dd5b70,0x0000000087c00000)
 Metaspace       used 20348K, capacity 21186K, committed 21296K, reserved 1069056K
  class space    used 2557K, capacity 2729K, committed 2816K, reserved 1048576K
Event: 1.411 GC heap after
Heap after GC invocations=5 (full 1):
 PSYoungGen      total 37888K, used 0K [0x00000000d6300000, 0x00000000d8d00000, 0x0000000100000000)
  eden space 32768K, 0% used [0x00000000d6300000,0x00000000d6300000,0x00000000d8300000)
  from space 5120K, 0% used [0x00000000d8800000,0x00000000d8800000,0x00000000d8d00000)
  to   space 5120K, 0% used [0x00000000d8300000,0x00000000d8300000,0x00000000d8800000)
 ParOldGen       total 57856K, used 5362K [0x0000000082800000, 0x0000000086080000, 0x00000000d6300000)
  object space 57856K, 9% used [0x0000000082800000,0x0000000082d3c850,0x0000000086080000)
 Metaspace       used 20348K, capacity 21186K, committed 21296K, reserved 1069056K
  class space    used 2557K, capacity 2729K, committed 2816K, reserved 1048576K
}
Event: 1.697 GC heap before
{Heap before GC invocations=6 (full 1):
 PSYoungGen      total 37888K, used 32768K [0x00000000d6300000, 0x00000000d8d00000, 0x0000000100000000)
  eden space 32768K, 100% used [0x00000000d6300000,0x00000000d8300000,0x00000000d8300000)
  from space 5120K, 0% used [0x00000000d8800000,0x00000000d8800000,0x00000000d8d00000)
  to   space 5120K, 0% used [0x00000000d8300000,0x00000000d8300000,0x00000000d8800000)
 ParOldGen       total 57856K, used 5362K [0x0000000082800000, 0x0000000086080000, 0x00000000d6300000)
  object space 57856K, 9% used [0x0000000082800000,0x0000000082d3c850,0x0000000086080000)
 Metaspace       used 22904K, capacity 23952K, committed 24192K, reserved 1071104K
  class space    used 2880K, capacity 3104K, committed 3200K, reserved 1048576K
Event: 1.698 GC heap after
Heap after GC invocations=6 (full 1):
 PSYoungGen      total 37888K, used 4493K [0x00000000d6300000, 0x00000000da580000, 0x0000000100000000)
  eden space 32768K, 0% used [0x00000000d6300000,0x00000000d6300000,0x00000000d8300000)
  from space 5120K, 87% used [0x00000000d8300000,0x00000000d8763488,0x00000000d8800000)
  to   space 9728K, 0% used [0x00000000d9c00000,0x00000000d9c00000,0x00000000da580000)
 ParOldGen       total 57856K, used 5370K [0x0000000082800000, 0x0000000086080000, 0x00000000d6300000)
  object space 57856K, 9% used [0x0000000082800000,0x0000000082d3e850,0x0000000086080000)
 Metaspace       used 22904K, capacity 23952K, committed 24192K, reserved 1071104K
  class space    used 2880K, capacity 3104K, committed 3200K, reserved 1048576K
}

